{"message":"app running in port 8000\n","timestamp":"27-06 09:17:07 +07:00","type":"out","process_id":0,"app_name":"WA Server"}
{"message":"app running in port 8000\n","timestamp":"27-06 09:17:07 +07:00","type":"out","process_id":1,"app_name":"WA Server"}
{"message":"LOADING SCREEN 100 WhatsApp\n","timestamp":"27-06 09:17:29 +07:00","type":"out","process_id":0,"app_name":"WA Server"}
{"message":"LOADING SCREEN 100 WhatsApp\n","timestamp":"27-06 09:17:29 +07:00","type":"out","process_id":0,"app_name":"WA Server"}
{"message":"AUTHENTICATED\n","timestamp":"27-06 09:17:33 +07:00","type":"out","process_id":0,"app_name":"WA Server"}
{"message":"AUTHENTICATED\n","timestamp":"27-06 09:17:33 +07:00","type":"out","process_id":0,"app_name":"WA Server"}
{"message":"AUTHENTICATED\n","timestamp":"27-06 09:17:33 +07:00","type":"out","process_id":0,"app_name":"WA Server"}
{"message":"AUTHENTICATED\n","timestamp":"27-06 09:17:33 +07:00","type":"out","process_id":0,"app_name":"WA Server"}
{"message":"AUTHENTICATED\n","timestamp":"27-06 09:17:33 +07:00","type":"out","process_id":0,"app_name":"WA Server"}
{"message":"app running in port 8000\n","timestamp":"27-06 09:19:04 +07:00","type":"out","process_id":0,"app_name":"WA Server"}
{"message":"app running in port 8000\n","timestamp":"27-06 09:19:04 +07:00","type":"out","process_id":1,"app_name":"WA Server"}
{"message":"app running in port 8000\n","timestamp":"27-06 09:19:10 +07:00","type":"out","process_id":1,"app_name":"WA Server"}
{"message":"app running in port 8000\n","timestamp":"27-06 09:19:10 +07:00","type":"out","process_id":0,"app_name":"WA Server"}
{"message":"app running in port 8000\n","timestamp":"27-06 09:19:14 +07:00","type":"out","process_id":1,"app_name":"WA Server"}
{"message":"app running in port 8000\n","timestamp":"27-06 09:19:14 +07:00","type":"out","process_id":0,"app_name":"WA Server"}
{"message":"app running in port 8000\n","timestamp":"27-06 09:19:18 +07:00","type":"out","process_id":0,"app_name":"WA Server"}
{"message":"app running in port 8000\n","timestamp":"27-06 09:19:18 +07:00","type":"out","process_id":1,"app_name":"WA Server"}
{"message":"app running in port 8000\n","timestamp":"27-06 09:19:19 +07:00","type":"out","process_id":0,"app_name":"WA Server"}
{"message":"app running in port 8000\n","timestamp":"27-06 09:19:19 +07:00","type":"out","process_id":1,"app_name":"WA Server"}
{"message":"app running in port 8000\n","timestamp":"27-06 09:19:22 +07:00","type":"out","process_id":0,"app_name":"WA Server"}
{"message":"app running in port 8000\n","timestamp":"27-06 09:19:22 +07:00","type":"out","process_id":1,"app_name":"WA Server"}
{"message":"app running in port 8000\n","timestamp":"27-06 09:19:24 +07:00","type":"out","process_id":0,"app_name":"WA Server"}
{"message":"app running in port 8000\n","timestamp":"27-06 09:19:24 +07:00","type":"out","process_id":1,"app_name":"WA Server"}
{"message":"app running in port 8000\n","timestamp":"27-06 09:24:43 +07:00","type":"out","process_id":0,"app_name":"WA Server"}
{"message":"app running in port 8000\n","timestamp":"27-06 09:24:43 +07:00","type":"out","process_id":1,"app_name":"WA Server"}
{"message":"app running in port 8000\n","timestamp":"27-06 09:25:23 +07:00","type":"out","process_id":0,"app_name":"WA Server"}
{"message":"app running in port 8000\n","timestamp":"27-06 09:25:23 +07:00","type":"out","process_id":1,"app_name":"WA Server"}
{"message":"app running in port 8000\n","timestamp":"27-06 09:25:43 +07:00","type":"out","process_id":0,"app_name":"WA Server"}
{"message":"app running in port 8000\n","timestamp":"27-06 09:25:43 +07:00","type":"out","process_id":1,"app_name":"WA Server"}
{"message":"LOADING SCREEN 100 WhatsApp\n","timestamp":"27-06 09:25:58 +07:00","type":"out","process_id":0,"app_name":"WA Server"}
{"message":"LOADING SCREEN 100 WhatsApp\n","timestamp":"27-06 09:25:58 +07:00","type":"out","process_id":0,"app_name":"WA Server"}
{"message":"LOADING SCREEN 100 WhatsApp\n","timestamp":"27-06 09:25:58 +07:00","type":"out","process_id":0,"app_name":"WA Server"}
{"message":"LOADING SCREEN 100 WhatsApp\n","timestamp":"27-06 09:25:58 +07:00","type":"out","process_id":0,"app_name":"WA Server"}
{"message":"LOADING SCREEN 100 WhatsApp\n","timestamp":"27-06 09:25:58 +07:00","type":"out","process_id":0,"app_name":"WA Server"}
{"message":"LOADING SCREEN 100 WhatsApp\n","timestamp":"27-06 09:25:58 +07:00","type":"out","process_id":0,"app_name":"WA Server"}
{"message":"AUTHENTICATED\n","timestamp":"27-06 09:26:03 +07:00","type":"out","process_id":0,"app_name":"WA Server"}
{"message":"AUTHENTICATED\n","timestamp":"27-06 09:26:03 +07:00","type":"out","process_id":0,"app_name":"WA Server"}
{"message":"AUTHENTICATED\n","timestamp":"27-06 09:26:03 +07:00","type":"out","process_id":0,"app_name":"WA Server"}
{"message":"AUTHENTICATED\n","timestamp":"27-06 09:26:03 +07:00","type":"out","process_id":0,"app_name":"WA Server"}
{"message":"AUTHENTICATED\n","timestamp":"27-06 09:26:03 +07:00","type":"out","process_id":0,"app_name":"WA Server"}
{"message":"AUTHENTICATED\n","timestamp":"27-06 09:26:03 +07:00","type":"out","process_id":0,"app_name":"WA Server"}
{"message":"AUTHENTICATED\n","timestamp":"27-06 09:26:03 +07:00","type":"out","process_id":0,"app_name":"WA Server"}
{"message":"AUTHENTICATED\n","timestamp":"27-06 09:26:03 +07:00","type":"out","process_id":0,"app_name":"WA Server"}
{"message":"AUTHENTICATED\n","timestamp":"27-06 09:26:03 +07:00","type":"out","process_id":0,"app_name":"WA Server"}
{"message":"Client is ready!\n","timestamp":"27-06 09:26:04 +07:00","type":"out","process_id":0,"app_name":"WA Server"}
{"message":"Client is ready!\n","timestamp":"27-06 09:26:04 +07:00","type":"out","process_id":0,"app_name":"WA Server"}
{"message":"Client is ready!\n","timestamp":"27-06 09:26:04 +07:00","type":"out","process_id":0,"app_name":"WA Server"}
{"message":"Client is ready!\n","timestamp":"27-06 09:26:04 +07:00","type":"out","process_id":0,"app_name":"WA Server"}
{"message":"Client is ready!\n","timestamp":"27-06 09:26:04 +07:00","type":"out","process_id":0,"app_name":"WA Server"}
{"message":"Client is ready!\n","timestamp":"27-06 09:26:04 +07:00","type":"out","process_id":0,"app_name":"WA Server"}
{"message":"Client is ready!\n","timestamp":"27-06 09:26:04 +07:00","type":"out","process_id":0,"app_name":"WA Server"}
{"message":"Client is ready!\n","timestamp":"27-06 09:26:04 +07:00","type":"out","process_id":0,"app_name":"WA Server"}
{"message":"Client is ready!\n","timestamp":"27-06 09:26:04 +07:00","type":"out","process_id":0,"app_name":"WA Server"}
{"message":"statusCode: 200\n","timestamp":"27-06 09:26:17 +07:00","type":"out","process_id":0,"app_name":"WA Server"}
{"message":"app running in port 8000\n","timestamp":"27-06 10:00:43 +07:00","type":"out","process_id":1,"app_name":"WA Server"}
{"message":"app running in port 8000\n","timestamp":"27-06 10:00:43 +07:00","type":"out","process_id":0,"app_name":"WA Server"}
{"message":"statusCode: 200\n","timestamp":"27-06 10:01:36 +07:00","type":"out","process_id":1,"app_name":"WA Server"}
{"message":"app running in port 8000\n","timestamp":"27-06 10:04:38 +07:00","type":"out","process_id":0,"app_name":"WA Server"}
{"message":"app running in port 8000\n","timestamp":"27-06 10:04:38 +07:00","type":"out","process_id":1,"app_name":"WA Server"}
{"message":"LOADING SCREEN 0 WhatsApp\n","timestamp":"27-06 10:04:40 +07:00","type":"out","process_id":0,"app_name":"WA Server"}
{"message":"LOADING SCREEN 100 WhatsApp\n","timestamp":"27-06 10:04:52 +07:00","type":"out","process_id":0,"app_name":"WA Server"}
{"message":"LOADING SCREEN 100 WhatsApp\n","timestamp":"27-06 10:04:52 +07:00","type":"out","process_id":0,"app_name":"WA Server"}
{"message":"AUTHENTICATED\n","timestamp":"27-06 10:04:55 +07:00","type":"out","process_id":0,"app_name":"WA Server"}
{"message":"AUTHENTICATED\n","timestamp":"27-06 10:04:55 +07:00","type":"out","process_id":0,"app_name":"WA Server"}
{"message":"Client is ready!\n","timestamp":"27-06 10:04:56 +07:00","type":"out","process_id":0,"app_name":"WA Server"}
{"message":"Client is ready!\n","timestamp":"27-06 10:04:56 +07:00","type":"out","process_id":0,"app_name":"WA Server"}
{"message":"app running in port 8000\n","timestamp":"27-06 10:09:52 +07:00","type":"out","process_id":0,"app_name":"WA Server"}
{"message":"app running in port 8000\n","timestamp":"27-06 10:09:52 +07:00","type":"out","process_id":1,"app_name":"WA Server"}
{"message":"app running in port 8000\n","timestamp":"27-06 14:02:04 +07:00","type":"out","process_id":0,"app_name":"WA Server"}
{"message":"app running in port 8000\n","timestamp":"27-06 14:02:04 +07:00","type":"out","process_id":1,"app_name":"WA Server"}
{"message":"app running in port 8000\n","timestamp":"27-06 14:04:40 +07:00","type":"out","process_id":0,"app_name":"WA Server"}
{"message":"app running in port 8000\n","timestamp":"27-06 14:04:40 +07:00","type":"out","process_id":1,"app_name":"WA Server"}
{"message":"app running in port 8000\n","timestamp":"27-06 14:04:59 +07:00","type":"out","process_id":0,"app_name":"WA Server"}
{"message":"app running in port 8000\n","timestamp":"27-06 14:05:26 +07:00","type":"out","process_id":0,"app_name":"WA Server"}
{"message":"statusCode: 200\n","timestamp":"27-06 14:06:31 +07:00","type":"out","process_id":0,"app_name":"WA Server"}
